<?xml version="1.0" encoding="UTF-8"?>
<coverage generated="1609904538070" clover="3.2.0">
  <project timestamp="1609904538070" name="All files">
    <metrics statements="90" coveredstatements="68" conditionals="49" coveredconditionals="24" methods="33" coveredmethods="27" elements="172" coveredelements="119" complexity="0" loc="90" ncloc="90" packages="9" files="15" classes="15"/>
    <package name="components.ZAvatar">
      <metrics statements="14" coveredstatements="14" conditionals="6" coveredconditionals="3" methods="7" coveredmethods="7"/>
      <file name="ZAvatar.vue" path="/Users/amansharma/zeal/src/components/ZAvatar/ZAvatar.vue">
        <metrics statements="12" coveredstatements="12" conditionals="6" coveredconditionals="3" methods="7" coveredmethods="7"/>
        <line num="29" count="1" type="stmt"/>
        <line num="30" count="1" type="stmt"/>
        <line num="38" count="1" type="stmt"/>
        <line num="50" count="6" type="stmt"/>
        <line num="64" count="6" type="stmt"/>
        <line num="68" count="6" type="stmt"/>
        <line num="76" count="18" type="stmt"/>
        <line num="77" count="6" type="cond" truecount="1" falsecount="1"/>
        <line num="84" count="18" type="stmt"/>
        <line num="85" count="6" type="cond" truecount="1" falsecount="1"/>
        <line num="92" count="4" type="cond" truecount="1" falsecount="1"/>
        <line num="95" count="8" type="stmt"/>
      </file>
      <file name="index.ts" path="/Users/amansharma/zeal/src/components/ZAvatar/index.ts">
        <metrics statements="2" coveredstatements="2" conditionals="0" coveredconditionals="0" methods="0" coveredmethods="0"/>
        <line num="1" count="1" type="stmt"/>
        <line num="3" count="1" type="stmt"/>
      </file>
    </package>
    <package name="components.ZAvatarGroup">
      <metrics statements="19" coveredstatements="15" conditionals="4" coveredconditionals="0" methods="10" coveredmethods="7"/>
      <file name="ZAvatarGroup.vue" path="/Users/amansharma/zeal/src/components/ZAvatarGroup/ZAvatarGroup.vue">
        <metrics statements="17" coveredstatements="13" conditionals="4" coveredconditionals="0" methods="10" coveredmethods="7"/>
        <line num="9" count="1" type="stmt"/>
        <line num="10" count="1" type="stmt"/>
        <line num="24" count="6" type="stmt"/>
        <line num="33" count="6" type="stmt"/>
        <line num="43" count="12" type="stmt"/>
        <line num="47" count="6" type="stmt"/>
        <line num="48" count="6" type="stmt"/>
        <line num="49" count="6" type="stmt"/>
        <line num="57" count="6" type="stmt"/>
        <line num="59" count="6" type="stmt"/>
        <line num="64" count="6" type="stmt"/>
        <line num="65" count="0" type="stmt"/>
        <line num="66" count="0" type="cond" truecount="0" falsecount="2"/>
        <line num="69" count="6" type="stmt"/>
        <line num="74" count="6" type="stmt"/>
        <line num="75" count="0" type="cond" truecount="0" falsecount="2"/>
        <line num="76" count="0" type="stmt"/>
      </file>
      <file name="index.ts" path="/Users/amansharma/zeal/src/components/ZAvatarGroup/index.ts">
        <metrics statements="2" coveredstatements="2" conditionals="0" coveredconditionals="0" methods="0" coveredmethods="0"/>
        <line num="1" count="1" type="stmt"/>
        <line num="3" count="1" type="stmt"/>
      </file>
    </package>
    <package name="components.ZButton">
      <metrics statements="9" coveredstatements="8" conditionals="17" coveredconditionals="15" methods="5" coveredmethods="4"/>
      <file name="ZButton.vue" path="/Users/amansharma/zeal/src/components/ZButton/ZButton.vue">
        <metrics statements="7" coveredstatements="6" conditionals="17" coveredconditionals="15" methods="5" coveredmethods="4"/>
        <line num="62" count="10" type="stmt"/>
        <line num="65" count="10" type="stmt"/>
        <line num="68" count="10" type="stmt"/>
        <line num="79" count="10" type="cond" truecount="2" falsecount="0"/>
        <line num="82" count="10" type="stmt"/>
        <line num="88" count="10" type="cond" truecount="2" falsecount="0"/>
        <line num="93" count="0" type="stmt"/>
      </file>
      <file name="index.ts" path="/Users/amansharma/zeal/src/components/ZButton/index.ts">
        <metrics statements="2" coveredstatements="2" conditionals="0" coveredconditionals="0" methods="0" coveredmethods="0"/>
        <line num="1" count="1" type="stmt"/>
        <line num="3" count="1" type="stmt"/>
      </file>
    </package>
    <package name="components.ZCard">
      <metrics statements="2" coveredstatements="2" conditionals="0" coveredconditionals="0" methods="0" coveredmethods="0"/>
      <file name="index.ts" path="/Users/amansharma/zeal/src/components/ZCard/index.ts">
        <metrics statements="2" coveredstatements="2" conditionals="0" coveredconditionals="0" methods="0" coveredmethods="0"/>
        <line num="1" count="1" type="stmt"/>
        <line num="3" count="1" type="stmt"/>
      </file>
    </package>
    <package name="components.ZCheckbox">
      <metrics statements="13" coveredstatements="4" conditionals="8" coveredconditionals="1" methods="2" coveredmethods="1"/>
      <file name="ZCheckbox.vue" path="/Users/amansharma/zeal/src/components/ZCheckbox/ZCheckbox.vue">
        <metrics statements="11" coveredstatements="2" conditionals="8" coveredconditionals="1" methods="2" coveredmethods="1"/>
        <line num="64" count="3" type="cond" truecount="1" falsecount="1"/>
        <line num="65" count="0" type="stmt"/>
        <line num="67" count="3" type="stmt"/>
        <line num="72" count="0" type="stmt"/>
        <line num="74" count="0" type="cond" truecount="0" falsecount="2"/>
        <line num="75" count="0" type="stmt"/>
        <line num="77" count="0" type="cond" truecount="0" falsecount="2"/>
        <line num="78" count="0" type="stmt"/>
        <line num="80" count="0" type="stmt"/>
        <line num="82" count="0" type="stmt"/>
        <line num="84" count="0" type="cond" truecount="0" falsecount="2"/>
      </file>
      <file name="index.ts" path="/Users/amansharma/zeal/src/components/ZCheckbox/index.ts">
        <metrics statements="2" coveredstatements="2" conditionals="0" coveredconditionals="0" methods="0" coveredmethods="0"/>
        <line num="1" count="1" type="stmt"/>
        <line num="3" count="1" type="stmt"/>
      </file>
    </package>
    <package name="components.ZDivider">
      <metrics statements="3" coveredstatements="3" conditionals="2" coveredconditionals="1" methods="1" coveredmethods="1"/>
      <file name="ZDivider.vue" path="/Users/amansharma/zeal/src/components/ZDivider/ZDivider.vue">
        <metrics statements="1" coveredstatements="1" conditionals="2" coveredconditionals="1" methods="1" coveredmethods="1"/>
        <line num="18" count="1" type="cond" truecount="1" falsecount="1"/>
      </file>
      <file name="index.ts" path="/Users/amansharma/zeal/src/components/ZDivider/index.ts">
        <metrics statements="2" coveredstatements="2" conditionals="0" coveredconditionals="0" methods="0" coveredmethods="0"/>
        <line num="1" count="1" type="stmt"/>
        <line num="3" count="1" type="stmt"/>
      </file>
    </package>
    <package name="components.ZIcon">
      <metrics statements="19" coveredstatements="11" conditionals="12" coveredconditionals="4" methods="4" coveredmethods="3"/>
      <file name="ZIcon.vue" path="/Users/amansharma/zeal/src/components/ZIcon/ZIcon.vue">
        <metrics statements="17" coveredstatements="9" conditionals="12" coveredconditionals="4" methods="4" coveredmethods="3"/>
        <line num="18" count="1" type="stmt"/>
        <line num="19" count="1" type="stmt"/>
        <line num="38" count="1" type="stmt"/>
        <line num="44" count="1" type="cond" truecount="1" falsecount="1"/>
        <line num="45" count="1" type="stmt"/>
        <line num="47" count="0" type="stmt"/>
        <line num="50" count="0" type="cond" truecount="0" falsecount="2"/>
        <line num="51" count="0" type="stmt"/>
        <line num="52" count="0" type="cond" truecount="0" falsecount="2"/>
        <line num="53" count="0" type="stmt"/>
        <line num="55" count="0" type="stmt"/>
        <line num="60" count="1" type="stmt"/>
        <line num="61" count="1" type="cond" truecount="1" falsecount="1"/>
        <line num="62" count="1" type="cond" truecount="2" falsecount="0"/>
        <line num="64" count="0" type="cond" truecount="0" falsecount="2"/>
        <line num="66" count="0" type="stmt"/>
        <line num="68" count="1" type="stmt"/>
      </file>
      <file name="index.ts" path="/Users/amansharma/zeal/src/components/ZIcon/index.ts">
        <metrics statements="2" coveredstatements="2" conditionals="0" coveredconditionals="0" methods="0" coveredmethods="0"/>
        <line num="1" count="1" type="stmt"/>
        <line num="3" count="1" type="stmt"/>
      </file>
    </package>
    <package name="components.marketing.ZPageLabel">
      <metrics statements="2" coveredstatements="2" conditionals="0" coveredconditionals="0" methods="0" coveredmethods="0"/>
      <file name="index.ts" path="/Users/amansharma/zeal/src/components/marketing/ZPageLabel/index.ts">
        <metrics statements="2" coveredstatements="2" conditionals="0" coveredconditionals="0" methods="0" coveredmethods="0"/>
        <line num="1" count="1" type="stmt"/>
        <line num="3" count="1" type="stmt"/>
      </file>
    </package>
    <package name="utils">
      <metrics statements="9" coveredstatements="9" conditionals="0" coveredconditionals="0" methods="4" coveredmethods="4"/>
      <file name="icon-helper.ts" path="/Users/amansharma/zeal/src/utils/icon-helper.ts">
        <metrics statements="9" coveredstatements="9" conditionals="0" coveredconditionals="0" methods="4" coveredmethods="4"/>
        <line num="1" count="1" type="stmt"/>
        <line num="7" count="1" type="stmt"/>
        <line num="11" count="3" type="stmt"/>
        <line num="12" count="3" type="stmt"/>
        <line num="14" count="1" type="stmt"/>
        <line num="16" count="1" type="stmt"/>
        <line num="17" count="3" type="stmt"/>
        <line num="19" count="3" type="stmt"/>
        <line num="20" count="3" type="stmt"/>
      </file>
    </package>
  </project>
</coverage>
