TN:
SF:/Users/amansharma/zeal/src/components/ZAvatar/ZAvatar.vue
FN:50,(anonymous_1)
FN:64,(anonymous_2)
FN:67,(anonymous_3)
FN:75,(anonymous_4)
FN:79,(anonymous_5)
FN:87,(anonymous_6)
FN:92,(anonymous_7)
FNF:7
FNH:7
FNDA:6,(anonymous_1)
FNDA:6,(anonymous_2)
FNDA:6,(anonymous_3)
FNDA:6,(anonymous_4)
FNDA:6,(anonymous_5)
FNDA:4,(anonymous_6)
FNDA:8,(anonymous_7)
DA:29,1
DA:30,1
DA:38,1
DA:50,6
DA:64,6
DA:68,6
DA:76,18
DA:77,6
DA:84,18
DA:85,6
DA:92,4
DA:95,8
LF:12
LH:12
BRDA:77,0,0,0
BRDA:77,0,1,6
BRDA:85,1,0,0
BRDA:85,1,1,6
BRDA:92,2,0,4
BRDA:92,2,1,0
BRF:6
BRH:3
end_of_record
TN:
SF:/Users/amansharma/zeal/src/components/ZAvatar/index.ts
FNF:0
FNH:0
DA:1,1
DA:3,1
LF:2
LH:2
BRF:0
BRH:0
end_of_record
TN:
SF:/Users/amansharma/zeal/src/components/ZAvatarGroup/ZAvatarGroup.vue
FN:24,(anonymous_1)
FN:32,(anonymous_2)
FN:38,(anonymous_3)
FN:46,(anonymous_4)
FN:52,(anonymous_5)
FN:57,(anonymous_6)
FN:59,(anonymous_7)
FN:64,(anonymous_8)
FN:69,(anonymous_9)
FN:74,(anonymous_10)
FNF:10
FNH:7
FNDA:6,(anonymous_1)
FNDA:6,(anonymous_2)
FNDA:12,(anonymous_3)
FNDA:6,(anonymous_4)
FNDA:6,(anonymous_5)
FNDA:0,(anonymous_6)
FNDA:6,(anonymous_7)
FNDA:0,(anonymous_8)
FNDA:6,(anonymous_9)
FNDA:0,(anonymous_10)
DA:9,1
DA:10,1
DA:24,6
DA:33,6
DA:43,12
DA:47,6
DA:48,6
DA:49,6
DA:57,6
DA:59,6
DA:64,6
DA:65,0
DA:66,0
DA:69,6
DA:74,6
DA:75,0
DA:76,0
LF:17
LH:13
BRDA:66,0,0,0
BRDA:66,0,1,0
BRDA:75,1,0,0
BRDA:75,1,1,0
BRF:4
BRH:0
end_of_record
TN:
SF:/Users/amansharma/zeal/src/components/ZAvatarGroup/index.ts
FNF:0
FNH:0
DA:1,1
DA:3,1
LF:2
LH:2
BRF:0
BRH:0
end_of_record
TN:
SF:/Users/amansharma/zeal/src/components/ZButton/ZButton.vue
FN:61,(anonymous_1)
FN:64,(anonymous_2)
FN:67,(anonymous_3)
FN:81,(anonymous_4)
FN:92,(anonymous_5)
FNF:5
FNH:4
FNDA:10,(anonymous_1)
FNDA:10,(anonymous_2)
FNDA:10,(anonymous_3)
FNDA:10,(anonymous_4)
FNDA:0,(anonymous_5)
DA:62,10
DA:65,10
DA:68,10
DA:79,10
DA:82,10
DA:88,10
DA:93,0
LF:7
LH:6
BRDA:69,0,0,10
BRDA:69,0,1,0
BRDA:69,1,0,10
BRDA:69,1,1,1
BRDA:69,1,2,9
BRDA:72,2,0,10
BRDA:72,2,1,1
BRDA:72,2,2,9
BRDA:75,3,0,10
BRDA:75,3,1,1
BRDA:75,3,2,9
BRDA:75,4,0,10
BRDA:75,4,1,0
BRDA:79,5,0,10
BRDA:79,5,1,7
BRDA:88,6,0,10
BRDA:88,6,1,9
BRF:17
BRH:15
end_of_record
TN:
SF:/Users/amansharma/zeal/src/components/ZButton/index.ts
FNF:0
FNH:0
DA:1,1
DA:3,1
LF:2
LH:2
BRF:0
BRH:0
end_of_record
TN:
SF:/Users/amansharma/zeal/src/components/ZCard/index.ts
FNF:0
FNH:0
DA:1,1
DA:3,1
LF:2
LH:2
BRF:0
BRH:0
end_of_record
TN:
SF:/Users/amansharma/zeal/src/components/ZCheckbox/ZCheckbox.vue
FN:63,(anonymous_1)
FN:71,(anonymous_2)
FNF:2
FNH:1
FNDA:3,(anonymous_1)
FNDA:0,(anonymous_2)
DA:64,3
DA:65,0
DA:67,3
DA:72,0
DA:74,0
DA:75,0
DA:77,0
DA:78,0
DA:80,0
DA:82,0
DA:84,0
LF:11
LH:2
BRDA:64,0,0,0
BRDA:64,0,1,3
BRDA:74,1,0,0
BRDA:74,1,1,0
BRDA:77,2,0,0
BRDA:77,2,1,0
BRDA:84,3,0,0
BRDA:84,3,1,0
BRF:8
BRH:1
end_of_record
TN:
SF:/Users/amansharma/zeal/src/components/ZCheckbox/index.ts
FNF:0
FNH:0
DA:1,1
DA:3,1
LF:2
LH:2
BRF:0
BRH:0
end_of_record
TN:
SF:/Users/amansharma/zeal/src/components/ZDivider/ZDivider.vue
FN:17,(anonymous_1)
FNF:1
FNH:1
FNDA:1,(anonymous_1)
DA:18,1
LF:1
LH:1
BRDA:18,0,0,1
BRDA:18,0,1,0
BRF:2
BRH:1
end_of_record
TN:
SF:/Users/amansharma/zeal/src/components/ZDivider/index.ts
FNF:0
FNH:0
DA:1,1
DA:3,1
LF:2
LH:2
BRF:0
BRH:0
end_of_record
TN:
SF:/Users/amansharma/zeal/src/components/ZIcon/ZIcon.vue
FN:37,(anonymous_1)
FN:43,(anonymous_2)
FN:49,(anonymous_3)
FN:59,(anonymous_4)
FNF:4
FNH:3
FNDA:1,(anonymous_1)
FNDA:1,(anonymous_2)
FNDA:0,(anonymous_3)
FNDA:1,(anonymous_4)
DA:18,1
DA:19,1
DA:38,1
DA:44,1
DA:45,1
DA:47,0
DA:50,0
DA:51,0
DA:52,0
DA:53,0
DA:55,0
DA:60,1
DA:61,1
DA:62,1
DA:64,0
DA:66,0
DA:68,1
LF:17
LH:9
BRDA:44,0,0,1
BRDA:44,0,1,0
BRDA:50,1,0,0
BRDA:50,1,1,0
BRDA:52,2,0,0
BRDA:52,2,1,0
BRDA:61,3,0,1
BRDA:61,3,1,0
BRDA:62,4,0,1
BRDA:62,4,1,1
BRDA:64,5,0,0
BRDA:64,5,1,0
BRF:12
BRH:4
end_of_record
TN:
SF:/Users/amansharma/zeal/src/components/ZIcon/index.ts
FNF:0
FNH:0
DA:1,1
DA:3,1
LF:2
LH:2
BRF:0
BRH:0
end_of_record
TN:
SF:/Users/amansharma/zeal/src/components/marketing/ZPageLabel/index.ts
FNF:0
FNH:0
DA:1,1
DA:3,1
LF:2
LH:2
BRF:0
BRH:0
end_of_record
TN:
SF:/Users/amansharma/zeal/src/utils/icon-helper.ts
FN:7,(anonymous_0)
FN:10,Icon
FN:17,(anonymous_2)
FN:18,(anonymous_3)
FNF:4
FNH:4
FNDA:1,(anonymous_0)
FNDA:3,Icon
FNDA:3,(anonymous_2)
FNDA:3,(anonymous_3)
DA:1,1
DA:7,1
DA:11,3
DA:12,3
DA:14,1
DA:16,1
DA:17,3
DA:19,3
DA:20,3
LF:9
LH:9
BRF:0
BRH:0
end_of_record
